[2013-12-24 10:20:08] production.ERROR: exception 'Symfony\Component\HttpKernel\Exception\NotFoundHttpException' in C:\wamp\www\pfd\vendor\laravel\framework\src\Illuminate\Routing\RouteCollection.php:125
Stack trace:
#0 C:\wamp\www\pfd\vendor\laravel\framework\src\Illuminate\Routing\Router.php(987): Illuminate\Routing\RouteCollection->match(Object(Illuminate\Http\Request))
#1 C:\wamp\www\pfd\vendor\laravel\framework\src\Illuminate\Routing\Router.php(957): Illuminate\Routing\Router->findRoute(Object(Illuminate\Http\Request))
#2 C:\wamp\www\pfd\vendor\laravel\framework\src\Illuminate\Routing\Router.php(936): Illuminate\Routing\Router->dispatchToRoute(Object(Illuminate\Http\Request))
#3 C:\wamp\www\pfd\vendor\laravel\framework\src\Illuminate\Foundation\Application.php(677): Illuminate\Routing\Router->dispatch(Object(Illuminate\Http\Request))
#4 C:\wamp\www\pfd\vendor\laravel\framework\src\Illuminate\Foundation\Application.php(652): Illuminate\Foundation\Application->dispatch(Object(Illuminate\Http\Request))
#5 C:\wamp\www\pfd\vendor\laravel\framework\src\Illuminate\Http\FrameGuard.php(38): Illuminate\Foundation\Application->handle(Object(Illuminate\Http\Request), 1, true)
#6 C:\wamp\www\pfd\vendor\laravel\framework\src\Illuminate\Session\Middleware.php(58): Illuminate\Http\FrameGuard->handle(Object(Illuminate\Http\Request), 1, true)
#7 C:\wamp\www\pfd\vendor\laravel\framework\src\Illuminate\Cookie\Queue.php(47): Illuminate\Session\Middleware->handle(Object(Illuminate\Http\Request), 1, true)
#8 C:\wamp\www\pfd\vendor\laravel\framework\src\Illuminate\Cookie\Guard.php(51): Illuminate\Cookie\Queue->handle(Object(Illuminate\Http\Request), 1, true)
#9 C:\wamp\www\pfd\vendor\stack\builder\src\Stack\StackedHttpKernel.php(23): Illuminate\Cookie\Guard->handle(Object(Illuminate\Http\Request), 1, true)
#10 C:\wamp\www\pfd\vendor\laravel\framework\src\Illuminate\Foundation\Application.php(552): Stack\StackedHttpKernel->handle(Object(Illuminate\Http\Request))
#11 C:\wamp\www\pfd\public\index.php(49): Illuminate\Foundation\Application->run()
#12 {main} [] []
[2013-12-24 10:37:37] production.ERROR: exception 'InvalidArgumentException' with message 'View [downloads] not found.' in C:\wamp\www\pfd\vendor\laravel\framework\src\Illuminate\View\FileViewFinder.php:139
Stack trace:
#0 C:\wamp\www\pfd\vendor\laravel\framework\src\Illuminate\View\FileViewFinder.php(76): Illuminate\View\FileViewFinder->findInPaths('downloads', Array)
#1 C:\wamp\www\pfd\vendor\laravel\framework\src\Illuminate\View\Environment.php(115): Illuminate\View\FileViewFinder->find('downloads')
#2 C:\wamp\www\pfd\vendor\laravel\framework\src\Illuminate\Support\Facades\Facade.php(208): Illuminate\View\Environment->make('downloads')
#3 C:\wamp\www\pfd\app\routes.php(21): Illuminate\Support\Facades\Facade::__callStatic('make', Array)
#4 C:\wamp\www\pfd\app\routes.php(21): Illuminate\Support\Facades\View::make('downloads')
#5 [internal function]: {closure}()
#6 C:\wamp\www\pfd\vendor\laravel\framework\src\Illuminate\Routing\Route.php(105): call_user_func_array(Object(Closure), Array)
#7 C:\wamp\www\pfd\vendor\laravel\framework\src\Illuminate\Routing\Router.php(966): Illuminate\Routing\Route->run(Object(Illuminate\Http\Request))
#8 C:\wamp\www\pfd\vendor\laravel\framework\src\Illuminate\Routing\Router.php(936): Illuminate\Routing\Router->dispatchToRoute(Object(Illuminate\Http\Request))
#9 C:\wamp\www\pfd\vendor\laravel\framework\src\Illuminate\Foundation\Application.php(677): Illuminate\Routing\Router->dispatch(Object(Illuminate\Http\Request))
#10 C:\wamp\www\pfd\vendor\laravel\framework\src\Illuminate\Foundation\Application.php(652): Illuminate\Foundation\Application->dispatch(Object(Illuminate\Http\Request))
#11 C:\wamp\www\pfd\vendor\laravel\framework\src\Illuminate\Http\FrameGuard.php(38): Illuminate\Foundation\Application->handle(Object(Illuminate\Http\Request), 1, true)
#12 C:\wamp\www\pfd\vendor\laravel\framework\src\Illuminate\Session\Middleware.php(58): Illuminate\Http\FrameGuard->handle(Object(Illuminate\Http\Request), 1, true)
#13 C:\wamp\www\pfd\vendor\laravel\framework\src\Illuminate\Cookie\Queue.php(47): Illuminate\Session\Middleware->handle(Object(Illuminate\Http\Request), 1, true)
#14 C:\wamp\www\pfd\vendor\laravel\framework\src\Illuminate\Cookie\Guard.php(51): Illuminate\Cookie\Queue->handle(Object(Illuminate\Http\Request), 1, true)
#15 C:\wamp\www\pfd\vendor\stack\builder\src\Stack\StackedHttpKernel.php(23): Illuminate\Cookie\Guard->handle(Object(Illuminate\Http\Request), 1, true)
#16 C:\wamp\www\pfd\vendor\laravel\framework\src\Illuminate\Foundation\Application.php(552): Stack\StackedHttpKernel->handle(Object(Illuminate\Http\Request))
#17 C:\wamp\www\pfd\index.php(49): Illuminate\Foundation\Application->run()
#18 {main} [] []
[2013-12-24 10:37:53] production.ERROR: exception 'InvalidArgumentException' with message 'View [main] not found.' in C:\wamp\www\pfd\vendor\laravel\framework\src\Illuminate\View\FileViewFinder.php:139
Stack trace:
#0 C:\wamp\www\pfd\vendor\laravel\framework\src\Illuminate\View\FileViewFinder.php(76): Illuminate\View\FileViewFinder->findInPaths('main', Array)
#1 C:\wamp\www\pfd\vendor\laravel\framework\src\Illuminate\View\Environment.php(115): Illuminate\View\FileViewFinder->find('main')
#2 C:\wamp\www\pfd\app\storage\views\a5b43b08831e415538998f39eb8fd572(5): Illuminate\View\Environment->make('main', Array)
#3 C:\wamp\www\pfd\vendor\laravel\framework\src\Illuminate\View\Engines\PhpEngine.php(37): include('C:\wamp\www\pfd...')
#4 C:\wamp\www\pfd\vendor\laravel\framework\src\Illuminate\View\Engines\CompilerEngine.php(56): Illuminate\View\Engines\PhpEngine->evaluatePath('C:\wamp\www\pfd...', Array)
#5 C:\wamp\www\pfd\vendor\laravel\framework\src\Illuminate\View\View.php(134): Illuminate\View\Engines\CompilerEngine->get('C:\wamp\www\pfd...', Array)
#6 C:\wamp\www\pfd\vendor\laravel\framework\src\Illuminate\View\View.php(102): Illuminate\View\View->getContents()
#7 C:\wamp\www\pfd\vendor\laravel\framework\src\Illuminate\View\View.php(76): Illuminate\View\View->renderContents()
#8 C:\wamp\www\pfd\vendor\laravel\framework\src\Illuminate\Http\Response.php(70): Illuminate\View\View->render()
#9 C:\wamp\www\pfd\vendor\symfony\http-foundation\Symfony\Component\HttpFoundation\Response.php(202): Illuminate\Http\Response->setContent(Object(Illuminate\View\View))
#10 C:\wamp\www\pfd\vendor\laravel\framework\src\Illuminate\Routing\Router.php(1340): Symfony\Component\HttpFoundation\Response->__construct(Object(Illuminate\View\View))
#11 C:\wamp\www\pfd\vendor\laravel\framework\src\Illuminate\Routing\Router.php(969): Illuminate\Routing\Router->prepareResponse(Object(Illuminate\Http\Request), Object(Illuminate\View\View))
#12 C:\wamp\www\pfd\vendor\laravel\framework\src\Illuminate\Routing\Router.php(936): Illuminate\Routing\Router->dispatchToRoute(Object(Illuminate\Http\Request))
#13 C:\wamp\www\pfd\vendor\laravel\framework\src\Illuminate\Foundation\Application.php(677): Illuminate\Routing\Router->dispatch(Object(Illuminate\Http\Request))
#14 C:\wamp\www\pfd\vendor\laravel\framework\src\Illuminate\Foundation\Application.php(652): Illuminate\Foundation\Application->dispatch(Object(Illuminate\Http\Request))
#15 C:\wamp\www\pfd\vendor\laravel\framework\src\Illuminate\Http\FrameGuard.php(38): Illuminate\Foundation\Application->handle(Object(Illuminate\Http\Request), 1, true)
#16 C:\wamp\www\pfd\vendor\laravel\framework\src\Illuminate\Session\Middleware.php(58): Illuminate\Http\FrameGuard->handle(Object(Illuminate\Http\Request), 1, true)
#17 C:\wamp\www\pfd\vendor\laravel\framework\src\Illuminate\Cookie\Queue.php(47): Illuminate\Session\Middleware->handle(Object(Illuminate\Http\Request), 1, true)
#18 C:\wamp\www\pfd\vendor\laravel\framework\src\Illuminate\Cookie\Guard.php(51): Illuminate\Cookie\Queue->handle(Object(Illuminate\Http\Request), 1, true)
#19 C:\wamp\www\pfd\vendor\stack\builder\src\Stack\StackedHttpKernel.php(23): Illuminate\Cookie\Guard->handle(Object(Illuminate\Http\Request), 1, true)
#20 C:\wamp\www\pfd\vendor\laravel\framework\src\Illuminate\Foundation\Application.php(552): Stack\StackedHttpKernel->handle(Object(Illuminate\Http\Request))
#21 C:\wamp\www\pfd\index.php(49): Illuminate\Foundation\Application->run()
#22 {main}

Next exception 'ErrorException' with message 'View [main] not found. (View: C:\wamp\www\pfd\app\views\downloads.blade.php)' in C:\wamp\www\pfd\vendor\laravel\framework\src\Illuminate\View\FileViewFinder.php:139
Stack trace:
#0 C:\wamp\www\pfd\vendor\laravel\framework\src\Illuminate\View\Engines\PhpEngine.php(41): Illuminate\View\Engines\CompilerEngine->handleViewException(Object(InvalidArgumentException))
#1 C:\wamp\www\pfd\vendor\laravel\framework\src\Illuminate\View\Engines\CompilerEngine.php(56): Illuminate\View\Engines\PhpEngine->evaluatePath('C:\wamp\www\pfd...', Array)
#2 C:\wamp\www\pfd\vendor\laravel\framework\src\Illuminate\View\View.php(134): Illuminate\View\Engines\CompilerEngine->get('C:\wamp\www\pfd...', Array)
#3 C:\wamp\www\pfd\vendor\laravel\framework\src\Illuminate\View\View.php(102): Illuminate\View\View->getContents()
#4 C:\wamp\www\pfd\vendor\laravel\framework\src\Illuminate\View\View.php(76): Illuminate\View\View->renderContents()
#5 C:\wamp\www\pfd\vendor\laravel\framework\src\Illuminate\Http\Response.php(70): Illuminate\View\View->render()
#6 C:\wamp\www\pfd\vendor\symfony\http-foundation\Symfony\Component\HttpFoundation\Response.php(202): Illuminate\Http\Response->setContent(Object(Illuminate\View\View))
#7 C:\wamp\www\pfd\vendor\laravel\framework\src\Illuminate\Routing\Router.php(1340): Symfony\Component\HttpFoundation\Response->__construct(Object(Illuminate\View\View))
#8 C:\wamp\www\pfd\vendor\laravel\framework\src\Illuminate\Routing\Router.php(969): Illuminate\Routing\Router->prepareResponse(Object(Illuminate\Http\Request), Object(Illuminate\View\View))
#9 C:\wamp\www\pfd\vendor\laravel\framework\src\Illuminate\Routing\Router.php(936): Illuminate\Routing\Router->dispatchToRoute(Object(Illuminate\Http\Request))
#10 C:\wamp\www\pfd\vendor\laravel\framework\src\Illuminate\Foundation\Application.php(677): Illuminate\Routing\Router->dispatch(Object(Illuminate\Http\Request))
#11 C:\wamp\www\pfd\vendor\laravel\framework\src\Illuminate\Foundation\Application.php(652): Illuminate\Foundation\Application->dispatch(Object(Illuminate\Http\Request))
#12 C:\wamp\www\pfd\vendor\laravel\framework\src\Illuminate\Http\FrameGuard.php(38): Illuminate\Foundation\Application->handle(Object(Illuminate\Http\Request), 1, true)
#13 C:\wamp\www\pfd\vendor\laravel\framework\src\Illuminate\Session\Middleware.php(58): Illuminate\Http\FrameGuard->handle(Object(Illuminate\Http\Request), 1, true)
#14 C:\wamp\www\pfd\vendor\laravel\framework\src\Illuminate\Cookie\Queue.php(47): Illuminate\Session\Middleware->handle(Object(Illuminate\Http\Request), 1, true)
#15 C:\wamp\www\pfd\vendor\laravel\framework\src\Illuminate\Cookie\Guard.php(51): Illuminate\Cookie\Queue->handle(Object(Illuminate\Http\Request), 1, true)
#16 C:\wamp\www\pfd\vendor\stack\builder\src\Stack\StackedHttpKernel.php(23): Illuminate\Cookie\Guard->handle(Object(Illuminate\Http\Request), 1, true)
#17 C:\wamp\www\pfd\vendor\laravel\framework\src\Illuminate\Foundation\Application.php(552): Stack\StackedHttpKernel->handle(Object(Illuminate\Http\Request))
#18 C:\wamp\www\pfd\index.php(49): Illuminate\Foundation\Application->run()
#19 {main} [] []
[2013-12-24 10:38:42] production.ERROR: exception 'InvalidArgumentException' with message 'View [downloads.blade] not found.' in C:\wamp\www\pfd\vendor\laravel\framework\src\Illuminate\View\FileViewFinder.php:139
Stack trace:
#0 C:\wamp\www\pfd\vendor\laravel\framework\src\Illuminate\View\FileViewFinder.php(76): Illuminate\View\FileViewFinder->findInPaths('downloads.blade', Array)
#1 C:\wamp\www\pfd\vendor\laravel\framework\src\Illuminate\View\Environment.php(115): Illuminate\View\FileViewFinder->find('downloads.blade')
#2 C:\wamp\www\pfd\vendor\laravel\framework\src\Illuminate\Support\Facades\Facade.php(208): Illuminate\View\Environment->make('downloads.blade')
#3 C:\wamp\www\pfd\app\routes.php(21): Illuminate\Support\Facades\Facade::__callStatic('make', Array)
#4 C:\wamp\www\pfd\app\routes.php(21): Illuminate\Support\Facades\View::make('downloads.blade')
#5 [internal function]: {closure}()
#6 C:\wamp\www\pfd\vendor\laravel\framework\src\Illuminate\Routing\Route.php(105): call_user_func_array(Object(Closure), Array)
#7 C:\wamp\www\pfd\vendor\laravel\framework\src\Illuminate\Routing\Router.php(966): Illuminate\Routing\Route->run(Object(Illuminate\Http\Request))
#8 C:\wamp\www\pfd\vendor\laravel\framework\src\Illuminate\Routing\Router.php(936): Illuminate\Routing\Router->dispatchToRoute(Object(Illuminate\Http\Request))
#9 C:\wamp\www\pfd\vendor\laravel\framework\src\Illuminate\Foundation\Application.php(677): Illuminate\Routing\Router->dispatch(Object(Illuminate\Http\Request))
#10 C:\wamp\www\pfd\vendor\laravel\framework\src\Illuminate\Foundation\Application.php(652): Illuminate\Foundation\Application->dispatch(Object(Illuminate\Http\Request))
#11 C:\wamp\www\pfd\vendor\laravel\framework\src\Illuminate\Http\FrameGuard.php(38): Illuminate\Foundation\Application->handle(Object(Illuminate\Http\Request), 1, true)
#12 C:\wamp\www\pfd\vendor\laravel\framework\src\Illuminate\Session\Middleware.php(58): Illuminate\Http\FrameGuard->handle(Object(Illuminate\Http\Request), 1, true)
#13 C:\wamp\www\pfd\vendor\laravel\framework\src\Illuminate\Cookie\Queue.php(47): Illuminate\Session\Middleware->handle(Object(Illuminate\Http\Request), 1, true)
#14 C:\wamp\www\pfd\vendor\laravel\framework\src\Illuminate\Cookie\Guard.php(51): Illuminate\Cookie\Queue->handle(Object(Illuminate\Http\Request), 1, true)
#15 C:\wamp\www\pfd\vendor\stack\builder\src\Stack\StackedHttpKernel.php(23): Illuminate\Cookie\Guard->handle(Object(Illuminate\Http\Request), 1, true)
#16 C:\wamp\www\pfd\vendor\laravel\framework\src\Illuminate\Foundation\Application.php(552): Stack\StackedHttpKernel->handle(Object(Illuminate\Http\Request))
#17 C:\wamp\www\pfd\index.php(49): Illuminate\Foundation\Application->run()
#18 {main} [] []
[2013-12-24 10:39:23] production.ERROR: exception 'InvalidArgumentException' with message 'View [main] not found.' in C:\wamp\www\pfd\vendor\laravel\framework\src\Illuminate\View\FileViewFinder.php:139
Stack trace:
#0 C:\wamp\www\pfd\vendor\laravel\framework\src\Illuminate\View\FileViewFinder.php(76): Illuminate\View\FileViewFinder->findInPaths('main', Array)
#1 C:\wamp\www\pfd\vendor\laravel\framework\src\Illuminate\View\Environment.php(115): Illuminate\View\FileViewFinder->find('main')
#2 C:\wamp\www\pfd\app\storage\views\a5b43b08831e415538998f39eb8fd572(5): Illuminate\View\Environment->make('main', Array)
#3 C:\wamp\www\pfd\vendor\laravel\framework\src\Illuminate\View\Engines\PhpEngine.php(37): include('C:\wamp\www\pfd...')
#4 C:\wamp\www\pfd\vendor\laravel\framework\src\Illuminate\View\Engines\CompilerEngine.php(56): Illuminate\View\Engines\PhpEngine->evaluatePath('C:\wamp\www\pfd...', Array)
#5 C:\wamp\www\pfd\vendor\laravel\framework\src\Illuminate\View\View.php(134): Illuminate\View\Engines\CompilerEngine->get('C:\wamp\www\pfd...', Array)
#6 C:\wamp\www\pfd\vendor\laravel\framework\src\Illuminate\View\View.php(102): Illuminate\View\View->getContents()
#7 C:\wamp\www\pfd\vendor\laravel\framework\src\Illuminate\View\View.php(76): Illuminate\View\View->renderContents()
#8 C:\wamp\www\pfd\vendor\laravel\framework\src\Illuminate\Http\Response.php(70): Illuminate\View\View->render()
#9 C:\wamp\www\pfd\vendor\symfony\http-foundation\Symfony\Component\HttpFoundation\Response.php(202): Illuminate\Http\Response->setContent(Object(Illuminate\View\View))
#10 C:\wamp\www\pfd\vendor\laravel\framework\src\Illuminate\Routing\Router.php(1340): Symfony\Component\HttpFoundation\Response->__construct(Object(Illuminate\View\View))
#11 C:\wamp\www\pfd\vendor\laravel\framework\src\Illuminate\Routing\Router.php(969): Illuminate\Routing\Router->prepareResponse(Object(Illuminate\Http\Request), Object(Illuminate\View\View))
#12 C:\wamp\www\pfd\vendor\laravel\framework\src\Illuminate\Routing\Router.php(936): Illuminate\Routing\Router->dispatchToRoute(Object(Illuminate\Http\Request))
#13 C:\wamp\www\pfd\vendor\laravel\framework\src\Illuminate\Foundation\Application.php(677): Illuminate\Routing\Router->dispatch(Object(Illuminate\Http\Request))
#14 C:\wamp\www\pfd\vendor\laravel\framework\src\Illuminate\Foundation\Application.php(652): Illuminate\Foundation\Application->dispatch(Object(Illuminate\Http\Request))
#15 C:\wamp\www\pfd\vendor\laravel\framework\src\Illuminate\Http\FrameGuard.php(38): Illuminate\Foundation\Application->handle(Object(Illuminate\Http\Request), 1, true)
#16 C:\wamp\www\pfd\vendor\laravel\framework\src\Illuminate\Session\Middleware.php(58): Illuminate\Http\FrameGuard->handle(Object(Illuminate\Http\Request), 1, true)
#17 C:\wamp\www\pfd\vendor\laravel\framework\src\Illuminate\Cookie\Queue.php(47): Illuminate\Session\Middleware->handle(Object(Illuminate\Http\Request), 1, true)
#18 C:\wamp\www\pfd\vendor\laravel\framework\src\Illuminate\Cookie\Guard.php(51): Illuminate\Cookie\Queue->handle(Object(Illuminate\Http\Request), 1, true)
#19 C:\wamp\www\pfd\vendor\stack\builder\src\Stack\StackedHttpKernel.php(23): Illuminate\Cookie\Guard->handle(Object(Illuminate\Http\Request), 1, true)
#20 C:\wamp\www\pfd\vendor\laravel\framework\src\Illuminate\Foundation\Application.php(552): Stack\StackedHttpKernel->handle(Object(Illuminate\Http\Request))
#21 C:\wamp\www\pfd\index.php(49): Illuminate\Foundation\Application->run()
#22 {main}

Next exception 'ErrorException' with message 'View [main] not found. (View: C:\wamp\www\pfd\app\views\downloads.blade.php)' in C:\wamp\www\pfd\vendor\laravel\framework\src\Illuminate\View\FileViewFinder.php:139
Stack trace:
#0 C:\wamp\www\pfd\vendor\laravel\framework\src\Illuminate\View\Engines\PhpEngine.php(41): Illuminate\View\Engines\CompilerEngine->handleViewException(Object(InvalidArgumentException))
#1 C:\wamp\www\pfd\vendor\laravel\framework\src\Illuminate\View\Engines\CompilerEngine.php(56): Illuminate\View\Engines\PhpEngine->evaluatePath('C:\wamp\www\pfd...', Array)
#2 C:\wamp\www\pfd\vendor\laravel\framework\src\Illuminate\View\View.php(134): Illuminate\View\Engines\CompilerEngine->get('C:\wamp\www\pfd...', Array)
#3 C:\wamp\www\pfd\vendor\laravel\framework\src\Illuminate\View\View.php(102): Illuminate\View\View->getContents()
#4 C:\wamp\www\pfd\vendor\laravel\framework\src\Illuminate\View\View.php(76): Illuminate\View\View->renderContents()
#5 C:\wamp\www\pfd\vendor\laravel\framework\src\Illuminate\Http\Response.php(70): Illuminate\View\View->render()
#6 C:\wamp\www\pfd\vendor\symfony\http-foundation\Symfony\Component\HttpFoundation\Response.php(202): Illuminate\Http\Response->setContent(Object(Illuminate\View\View))
#7 C:\wamp\www\pfd\vendor\laravel\framework\src\Illuminate\Routing\Router.php(1340): Symfony\Component\HttpFoundation\Response->__construct(Object(Illuminate\View\View))
#8 C:\wamp\www\pfd\vendor\laravel\framework\src\Illuminate\Routing\Router.php(969): Illuminate\Routing\Router->prepareResponse(Object(Illuminate\Http\Request), Object(Illuminate\View\View))
#9 C:\wamp\www\pfd\vendor\laravel\framework\src\Illuminate\Routing\Router.php(936): Illuminate\Routing\Router->dispatchToRoute(Object(Illuminate\Http\Request))
#10 C:\wamp\www\pfd\vendor\laravel\framework\src\Illuminate\Foundation\Application.php(677): Illuminate\Routing\Router->dispatch(Object(Illuminate\Http\Request))
#11 C:\wamp\www\pfd\vendor\laravel\framework\src\Illuminate\Foundation\Application.php(652): Illuminate\Foundation\Application->dispatch(Object(Illuminate\Http\Request))
#12 C:\wamp\www\pfd\vendor\laravel\framework\src\Illuminate\Http\FrameGuard.php(38): Illuminate\Foundation\Application->handle(Object(Illuminate\Http\Request), 1, true)
#13 C:\wamp\www\pfd\vendor\laravel\framework\src\Illuminate\Session\Middleware.php(58): Illuminate\Http\FrameGuard->handle(Object(Illuminate\Http\Request), 1, true)
#14 C:\wamp\www\pfd\vendor\laravel\framework\src\Illuminate\Cookie\Queue.php(47): Illuminate\Session\Middleware->handle(Object(Illuminate\Http\Request), 1, true)
#15 C:\wamp\www\pfd\vendor\laravel\framework\src\Illuminate\Cookie\Guard.php(51): Illuminate\Cookie\Queue->handle(Object(Illuminate\Http\Request), 1, true)
#16 C:\wamp\www\pfd\vendor\stack\builder\src\Stack\StackedHttpKernel.php(23): Illuminate\Cookie\Guard->handle(Object(Illuminate\Http\Request), 1, true)
#17 C:\wamp\www\pfd\vendor\laravel\framework\src\Illuminate\Foundation\Application.php(552): Stack\StackedHttpKernel->handle(Object(Illuminate\Http\Request))
#18 C:\wamp\www\pfd\index.php(49): Illuminate\Foundation\Application->run()
#19 {main} [] []
[2013-12-24 11:37:22] production.ERROR: exception 'Symfony\Component\HttpKernel\Exception\NotFoundHttpException' in C:\wamp\www\pfd\vendor\laravel\framework\src\Illuminate\Routing\RouteCollection.php:125
Stack trace:
#0 C:\wamp\www\pfd\vendor\laravel\framework\src\Illuminate\Routing\Router.php(987): Illuminate\Routing\RouteCollection->match(Object(Illuminate\Http\Request))
#1 C:\wamp\www\pfd\vendor\laravel\framework\src\Illuminate\Routing\Router.php(957): Illuminate\Routing\Router->findRoute(Object(Illuminate\Http\Request))
#2 C:\wamp\www\pfd\vendor\laravel\framework\src\Illuminate\Routing\Router.php(936): Illuminate\Routing\Router->dispatchToRoute(Object(Illuminate\Http\Request))
#3 C:\wamp\www\pfd\vendor\laravel\framework\src\Illuminate\Foundation\Application.php(677): Illuminate\Routing\Router->dispatch(Object(Illuminate\Http\Request))
#4 C:\wamp\www\pfd\vendor\laravel\framework\src\Illuminate\Foundation\Application.php(652): Illuminate\Foundation\Application->dispatch(Object(Illuminate\Http\Request))
#5 C:\wamp\www\pfd\vendor\laravel\framework\src\Illuminate\Http\FrameGuard.php(38): Illuminate\Foundation\Application->handle(Object(Illuminate\Http\Request), 1, true)
#6 C:\wamp\www\pfd\vendor\laravel\framework\src\Illuminate\Session\Middleware.php(58): Illuminate\Http\FrameGuard->handle(Object(Illuminate\Http\Request), 1, true)
#7 C:\wamp\www\pfd\vendor\laravel\framework\src\Illuminate\Cookie\Queue.php(47): Illuminate\Session\Middleware->handle(Object(Illuminate\Http\Request), 1, true)
#8 C:\wamp\www\pfd\vendor\laravel\framework\src\Illuminate\Cookie\Guard.php(51): Illuminate\Cookie\Queue->handle(Object(Illuminate\Http\Request), 1, true)
#9 C:\wamp\www\pfd\vendor\stack\builder\src\Stack\StackedHttpKernel.php(23): Illuminate\Cookie\Guard->handle(Object(Illuminate\Http\Request), 1, true)
#10 C:\wamp\www\pfd\vendor\laravel\framework\src\Illuminate\Foundation\Application.php(552): Stack\StackedHttpKernel->handle(Object(Illuminate\Http\Request))
#11 C:\wamp\www\pfd\index.php(49): Illuminate\Foundation\Application->run()
#12 {main} [] []
[2013-12-24 11:57:47] production.ERROR: exception 'InvalidArgumentException' with message 'View [support] not found.' in C:\wamp\www\pfd\vendor\laravel\framework\src\Illuminate\View\FileViewFinder.php:139
Stack trace:
#0 C:\wamp\www\pfd\vendor\laravel\framework\src\Illuminate\View\FileViewFinder.php(76): Illuminate\View\FileViewFinder->findInPaths('support', Array)
#1 C:\wamp\www\pfd\vendor\laravel\framework\src\Illuminate\View\Environment.php(115): Illuminate\View\FileViewFinder->find('support')
#2 C:\wamp\www\pfd\vendor\laravel\framework\src\Illuminate\Support\Facades\Facade.php(208): Illuminate\View\Environment->make('support')
#3 C:\wamp\www\pfd\app\routes.php(29): Illuminate\Support\Facades\Facade::__callStatic('make', Array)
#4 C:\wamp\www\pfd\app\routes.php(29): Illuminate\Support\Facades\View::make('support')
#5 [internal function]: {closure}()
#6 C:\wamp\www\pfd\vendor\laravel\framework\src\Illuminate\Routing\Route.php(105): call_user_func_array(Object(Closure), Array)
#7 C:\wamp\www\pfd\vendor\laravel\framework\src\Illuminate\Routing\Router.php(966): Illuminate\Routing\Route->run(Object(Illuminate\Http\Request))
#8 C:\wamp\www\pfd\vendor\laravel\framework\src\Illuminate\Routing\Router.php(936): Illuminate\Routing\Router->dispatchToRoute(Object(Illuminate\Http\Request))
#9 C:\wamp\www\pfd\vendor\laravel\framework\src\Illuminate\Foundation\Application.php(677): Illuminate\Routing\Router->dispatch(Object(Illuminate\Http\Request))
#10 C:\wamp\www\pfd\vendor\laravel\framework\src\Illuminate\Foundation\Application.php(652): Illuminate\Foundation\Application->dispatch(Object(Illuminate\Http\Request))
#11 C:\wamp\www\pfd\vendor\laravel\framework\src\Illuminate\Http\FrameGuard.php(38): Illuminate\Foundation\Application->handle(Object(Illuminate\Http\Request), 1, true)
#12 C:\wamp\www\pfd\vendor\laravel\framework\src\Illuminate\Session\Middleware.php(58): Illuminate\Http\FrameGuard->handle(Object(Illuminate\Http\Request), 1, true)
#13 C:\wamp\www\pfd\vendor\laravel\framework\src\Illuminate\Cookie\Queue.php(47): Illuminate\Session\Middleware->handle(Object(Illuminate\Http\Request), 1, true)
#14 C:\wamp\www\pfd\vendor\laravel\framework\src\Illuminate\Cookie\Guard.php(51): Illuminate\Cookie\Queue->handle(Object(Illuminate\Http\Request), 1, true)
#15 C:\wamp\www\pfd\vendor\stack\builder\src\Stack\StackedHttpKernel.php(23): Illuminate\Cookie\Guard->handle(Object(Illuminate\Http\Request), 1, true)
#16 C:\wamp\www\pfd\vendor\laravel\framework\src\Illuminate\Foundation\Application.php(552): Stack\StackedHttpKernel->handle(Object(Illuminate\Http\Request))
#17 C:\wamp\www\pfd\index.php(49): Illuminate\Foundation\Application->run()
#18 {main} [] []
[2013-12-24 12:18:53] production.ERROR: exception 'Symfony\Component\HttpKernel\Exception\NotFoundHttpException' in C:\wamp\www\pfd\vendor\laravel\framework\src\Illuminate\Routing\RouteCollection.php:125
Stack trace:
#0 C:\wamp\www\pfd\vendor\laravel\framework\src\Illuminate\Routing\Router.php(987): Illuminate\Routing\RouteCollection->match(Object(Illuminate\Http\Request))
#1 C:\wamp\www\pfd\vendor\laravel\framework\src\Illuminate\Routing\Router.php(957): Illuminate\Routing\Router->findRoute(Object(Illuminate\Http\Request))
#2 C:\wamp\www\pfd\vendor\laravel\framework\src\Illuminate\Routing\Router.php(936): Illuminate\Routing\Router->dispatchToRoute(Object(Illuminate\Http\Request))
#3 C:\wamp\www\pfd\vendor\laravel\framework\src\Illuminate\Foundation\Application.php(677): Illuminate\Routing\Router->dispatch(Object(Illuminate\Http\Request))
#4 C:\wamp\www\pfd\vendor\laravel\framework\src\Illuminate\Foundation\Application.php(652): Illuminate\Foundation\Application->dispatch(Object(Illuminate\Http\Request))
#5 C:\wamp\www\pfd\vendor\laravel\framework\src\Illuminate\Http\FrameGuard.php(38): Illuminate\Foundation\Application->handle(Object(Illuminate\Http\Request), 1, true)
#6 C:\wamp\www\pfd\vendor\laravel\framework\src\Illuminate\Session\Middleware.php(58): Illuminate\Http\FrameGuard->handle(Object(Illuminate\Http\Request), 1, true)
#7 C:\wamp\www\pfd\vendor\laravel\framework\src\Illuminate\Cookie\Queue.php(47): Illuminate\Session\Middleware->handle(Object(Illuminate\Http\Request), 1, true)
#8 C:\wamp\www\pfd\vendor\laravel\framework\src\Illuminate\Cookie\Guard.php(51): Illuminate\Cookie\Queue->handle(Object(Illuminate\Http\Request), 1, true)
#9 C:\wamp\www\pfd\vendor\stack\builder\src\Stack\StackedHttpKernel.php(23): Illuminate\Cookie\Guard->handle(Object(Illuminate\Http\Request), 1, true)
#10 C:\wamp\www\pfd\vendor\laravel\framework\src\Illuminate\Foundation\Application.php(552): Stack\StackedHttpKernel->handle(Object(Illuminate\Http\Request))
#11 C:\wamp\www\pfd\index.php(49): Illuminate\Foundation\Application->run()
#12 {main} [] []
[2013-12-24 12:33:29] production.ERROR: exception 'Symfony\Component\Debug\Exception\FatalErrorException' with message 'Call to undefined method Illuminate\Routing\UrlGenerator::to_route()' in C:\wamp\www\pfd\vendor\laravel\framework\src\Illuminate\Support\Facades\Facade.php:208
Stack trace:
#0 [internal function]: Illuminate\Exception\Handler->handleShutdown()
#1 {main} [] []
